Arguments: 
  /usr/bin/node /usr/share/yarn/bin/yarn.js add koa koa-router node-cache mongoose doenv koa2-ratelimit node-cache -S

PATH: 
  /home/rafael/.local/bin:/usr/local/sbin:/usr/local/bin:/usr/sbin:/usr/bin:/sbin:/bin:/usr/games:/usr/local/games:/snap/bin:/home/rafael/Android/Sdk/tools:/home/rafael/Android/Sdk/platform-tools:/home/rafael/Android/Sdk/emulator:/home/rafael/Android/Sdk/tools:/home/rafael/Android/Sdk/platform-tools:/home/rafael/Android/Sdk/emulator

Yarn version: 
  1.19.0

Node version: 
  12.10.0

Platform: 
  linux x64

Trace: 
  Error: https://registry.yarnpkg.com/doenv: Not found
      at Request.params.callback [as _callback] (/usr/share/yarn/lib/cli.js:66918:18)
      at Request.self.callback (/usr/share/yarn/lib/cli.js:140539:22)
      at Request.emit (events.js:209:13)
      at Request.<anonymous> (/usr/share/yarn/lib/cli.js:141511:10)
      at Request.emit (events.js:209:13)
      at IncomingMessage.<anonymous> (/usr/share/yarn/lib/cli.js:141433:12)
      at Object.onceWrapper (events.js:298:28)
      at IncomingMessage.emit (events.js:214:15)
      at endReadableNT (_stream_readable.js:1178:12)
      at processTicksAndRejections (internal/process/task_queues.js:80:21)

npm manifest: 
  {
    "name": "rsxp_performance_node",
    "version": "1.0.0",
    "main": "index.js",
    "license": "MIT"
  }

yarn manifest: 
  No manifest

Lockfile: 
  No lockfile
